<?xml version="1.0" encoding="UTF-8"?>
<testng-results skipped="0" failed="0" total="1" passed="1">
  <reporter-output>
  </reporter-output>
  <suite name="Default suite" duration-ms="24566" started-at="2017-04-01T16:48:29Z" finished-at="2017-04-01T16:48:54Z">
    <groups>
    </groups>
    <test name="Default test" duration-ms="24566" started-at="2017-04-01T16:48:29Z" finished-at="2017-04-01T16:48:54Z">
      <class name="com.pack1.democlass">
        <test-method status="PASS" signature="main()[pri:0, instance:com.pack1.democlass@61832929]" name="main" duration-ms="24512" started-at="2017-04-01T22:18:29Z" finished-at="2017-04-01T22:18:54Z">
          <reporter-output>
          </reporter-output>
        </test-method> <!-- main -->
      </class> <!-- com.pack1.democlass -->
    </test> <!-- Default test -->
  </suite> <!-- Default suite -->
</testng-results>
